<?xml version="1.0" encoding="UTF-8"?>
<!-- Generated by org.testng.reporters.JUnitReportReporter -->
<testsuite hostname="TXCHD-LAP-113" failures="0" tests="1" name="dummyPackage.DemoClass" time="0.003" errors="0" timestamp="2022-04-06T01:04:24 IST" skipped="0">
  <testcase classname="dummyPackage.DemoClass" name="test1" time="0.003"/>
  <system-out/>
</testsuite> <!-- dummyPackage.DemoClass -->
